<?xml version="1.0" encoding="UTF-8"?>
<!-- Generated by org.testng.reporters.JUnitReportReporter -->
<testsuite hostname="Monikas-MacBook-Pro.local" name="com.javacodegeeks.testng.maven.TestMaven.AppTest" tests="2" failures="0" timestamp="18 Jan 2018 00:51:15 GMT" time="0.021" errors="0">
  <testcase name="AppTest2" time="0.007" classname="com.javacodegeeks.testng.maven.TestMaven.AppTest"/>
  <testcase name="AppTest1" time="0.014" classname="com.javacodegeeks.testng.maven.TestMaven.AppTest"/>
</testsuite> <!-- com.javacodegeeks.testng.maven.TestMaven.AppTest -->
